<?xml version="1.0" encoding="UTF-8"?>
<testng-results skipped="0" failed="1" total="13" passed="12">
  <reporter-output>
  </reporter-output>
  <suite name="amazon Automation Test Suite" duration-ms="75508" started-at="2019-07-06T15:03:27Z" finished-at="2019-07-06T15:04:43Z">
    <groups>
    </groups>
    <test name="amazon Test Cases" duration-ms="75508" started-at="2019-07-06T15:03:27Z" finished-at="2019-07-06T15:04:43Z">
      <class name="com.smarttech.AmazonLogin">
        <test-method status="PASS" signature="dbTabledelete()[pri:0, instance:com.smarttech.AmazonLogin@457e2f02]" name="dbTabledelete" is-config="true" duration-ms="817" started-at="2019-07-06T11:03:26Z" finished-at="2019-07-06T11:03:27Z">
          <reporter-output>
          </reporter-output>
        </test-method> <!-- dbTabledelete -->
        <test-method status="PASS" signature="setUp()[pri:0, instance:com.smarttech.AmazonLogin@457e2f02]" name="setUp" duration-ms="28072" started-at="2019-07-06T11:03:27Z" finished-at="2019-07-06T11:03:55Z">
          <reporter-output>
          </reporter-output>
        </test-method> <!-- setUp -->
        <test-method status="PASS" signature="Test2()[pri:0, instance:com.smarttech.AmazonLogin@457e2f02]" name="Test2" duration-ms="1090" started-at="2019-07-06T11:03:55Z" depends-on-methods="com.smarttech.AmazonLogin.setUp" finished-at="2019-07-06T11:03:56Z">
          <reporter-output>
          </reporter-output>
        </test-method> <!-- Test2 -->
        <test-method status="PASS" signature="Test3()[pri:0, instance:com.smarttech.AmazonLogin@457e2f02]" name="Test3" duration-ms="4256" started-at="2019-07-06T11:03:56Z" depends-on-methods="com.smarttech.AmazonLogin.Test2" finished-at="2019-07-06T11:04:01Z">
          <reporter-output>
          </reporter-output>
        </test-method> <!-- Test3 -->
        <test-method status="PASS" signature="Test4()[pri:0, instance:com.smarttech.AmazonLogin@457e2f02]" name="Test4" duration-ms="1897" started-at="2019-07-06T11:04:01Z" depends-on-methods="com.smarttech.AmazonLogin.Test3" finished-at="2019-07-06T11:04:02Z">
          <reporter-output>
          </reporter-output>
        </test-method> <!-- Test4 -->
        <test-method status="PASS" signature="Test5()[pri:0, instance:com.smarttech.AmazonLogin@457e2f02]" name="Test5" duration-ms="2478" started-at="2019-07-06T11:04:02Z" depends-on-methods="com.smarttech.AmazonLogin.Test4" finished-at="2019-07-06T11:04:05Z">
          <reporter-output>
          </reporter-output>
        </test-method> <!-- Test5 -->
        <test-method status="PASS" signature="Test6()[pri:0, instance:com.smarttech.AmazonLogin@457e2f02]" name="Test6" duration-ms="1054" started-at="2019-07-06T11:04:05Z" depends-on-methods="com.smarttech.AmazonLogin.Test5" finished-at="2019-07-06T11:04:06Z">
          <reporter-output>
          </reporter-output>
        </test-method> <!-- Test6 -->
        <test-method status="PASS" signature="Test7()[pri:0, instance:com.smarttech.AmazonLogin@457e2f02]" name="Test7" duration-ms="273" started-at="2019-07-06T11:04:06Z" depends-on-methods="com.smarttech.AmazonLogin.Test6" finished-at="2019-07-06T11:04:06Z">
          <reporter-output>
          </reporter-output>
        </test-method> <!-- Test7 -->
        <test-method status="PASS" signature="Test8()[pri:0, instance:com.smarttech.AmazonLogin@457e2f02]" name="Test8" duration-ms="184" started-at="2019-07-06T11:04:06Z" depends-on-methods="com.smarttech.AmazonLogin.Test7" finished-at="2019-07-06T11:04:06Z">
          <reporter-output>
          </reporter-output>
        </test-method> <!-- Test8 -->
        <test-method status="PASS" signature="Test9()[pri:0, instance:com.smarttech.AmazonLogin@457e2f02]" name="Test9" duration-ms="97" started-at="2019-07-06T11:04:06Z" depends-on-methods="com.smarttech.AmazonLogin.Test8" finished-at="2019-07-06T11:04:07Z">
          <reporter-output>
          </reporter-output>
        </test-method> <!-- Test9 -->
        <test-method status="PASS" signature="Test10()[pri:0, instance:com.smarttech.AmazonLogin@457e2f02]" name="Test10" duration-ms="135" started-at="2019-07-06T11:04:07Z" depends-on-methods="com.smarttech.AmazonLogin.Test9" finished-at="2019-07-06T11:04:07Z">
          <reporter-output>
          </reporter-output>
        </test-method> <!-- Test10 -->
        <test-method status="PASS" signature="Test11()[pri:0, instance:com.smarttech.AmazonLogin@457e2f02]" name="Test11" duration-ms="73" started-at="2019-07-06T11:04:07Z" depends-on-methods="com.smarttech.AmazonLogin.Test10" finished-at="2019-07-06T11:04:07Z">
          <reporter-output>
          </reporter-output>
        </test-method> <!-- Test11 -->
        <test-method status="PASS" signature="Test12()[pri:0, instance:com.smarttech.AmazonLogin@457e2f02]" name="Test12" duration-ms="18025" started-at="2019-07-06T11:04:07Z" depends-on-methods="com.smarttech.AmazonLogin.Test11" finished-at="2019-07-06T11:04:25Z">
          <reporter-output>
          </reporter-output>
        </test-method> <!-- Test12 -->
        <test-method status="FAIL" signature="Test13()[pri:0, instance:com.smarttech.AmazonLogin@457e2f02]" name="Test13" duration-ms="16849" started-at="2019-07-06T11:04:25Z" depends-on-methods="com.smarttech.AmazonLogin.Test12" finished-at="2019-07-06T11:04:42Z">
          <exception class="java.lang.IndexOutOfBoundsException">
            <message>
              <![CDATA[Index: 0, Size: 0]]>
            </message>
            <full-stacktrace>
              <![CDATA[java.lang.IndexOutOfBoundsException: Index: 0, Size: 0
	at java.util.ArrayList.rangeCheck(Unknown Source)
	at java.util.ArrayList.get(Unknown Source)
	at sun.reflect.NativeMethodAccessorImpl.invoke0(Native Method)
	at sun.reflect.NativeMethodAccessorImpl.invoke(Unknown Source)
	at sun.reflect.DelegatingMethodAccessorImpl.invoke(Unknown Source)
	at java.lang.reflect.Method.invoke(Unknown Source)
	at org.openqa.selenium.support.pagefactory.internal.LocatingElementListHandler.invoke(LocatingElementListHandler.java:39)
	at com.sun.proxy.$Proxy11.get(Unknown Source)
	at com.smarttech.AmazonLogin.Test13(AmazonLogin.java:144)
	at sun.reflect.NativeMethodAccessorImpl.invoke0(Native Method)
	at sun.reflect.NativeMethodAccessorImpl.invoke(Unknown Source)
	at sun.reflect.DelegatingMethodAccessorImpl.invoke(Unknown Source)
	at java.lang.reflect.Method.invoke(Unknown Source)
	at org.testng.internal.MethodInvocationHelper.invokeMethod(MethodInvocationHelper.java:85)
	at org.testng.internal.Invoker.invokeMethod(Invoker.java:663)
	at org.testng.internal.Invoker.invokeTestMethod(Invoker.java:849)
	at org.testng.internal.Invoker.invokeTestMethods(Invoker.java:1157)
	at org.testng.internal.TestMethodWorker.invokeTestMethods(TestMethodWorker.java:124)
	at org.testng.internal.TestMethodWorker.run(TestMethodWorker.java:108)
	at org.testng.TestRunner.privateRun(TestRunner.java:771)
	at org.testng.TestRunner.run(TestRunner.java:621)
	at org.testng.SuiteRunner.runTest(SuiteRunner.java:357)
	at org.testng.SuiteRunner.runSequentially(SuiteRunner.java:352)
	at org.testng.SuiteRunner.privateRun(SuiteRunner.java:310)
	at org.testng.SuiteRunner.run(SuiteRunner.java:259)
	at org.testng.SuiteRunnerWorker.runSuite(SuiteRunnerWorker.java:52)
	at org.testng.SuiteRunnerWorker.run(SuiteRunnerWorker.java:86)
	at org.testng.TestNG.runSuitesSequentially(TestNG.java:1200)
	at org.testng.TestNG.runSuitesLocally(TestNG.java:1125)
	at org.testng.TestNG.run(TestNG.java:1033)
	at org.testng.remote.RemoteTestNG.run(RemoteTestNG.java:111)
	at org.testng.remote.RemoteTestNG.initAndRun(RemoteTestNG.java:204)
	at org.testng.remote.RemoteTestNG.main(RemoteTestNG.java:175)
]]>
            </full-stacktrace>
          </exception> <!-- java.lang.IndexOutOfBoundsException -->
          <reporter-output>
          </reporter-output>
        </test-method> <!-- Test13 -->
        <test-method status="FAIL" signature="teardown()[pri:0, instance:com.smarttech.AmazonLogin@457e2f02]" name="teardown" is-config="true" duration-ms="0" started-at="2019-07-06T11:04:42Z" finished-at="2019-07-06T11:04:42Z">
          <exception class="java.lang.NullPointerException">
            <full-stacktrace>
              <![CDATA[java.lang.NullPointerException
	at com.excelFactory.Excelcreater.wtireContecnt(Excelcreater.java:49)
	at com.smarttech.AmazonLogin.teardown(AmazonLogin.java:165)
	at sun.reflect.NativeMethodAccessorImpl.invoke0(Native Method)
	at sun.reflect.NativeMethodAccessorImpl.invoke(Unknown Source)
	at sun.reflect.DelegatingMethodAccessorImpl.invoke(Unknown Source)
	at java.lang.reflect.Method.invoke(Unknown Source)
	at org.testng.internal.MethodInvocationHelper.invokeMethod(MethodInvocationHelper.java:85)
	at org.testng.internal.Invoker.invokeConfigurationMethod(Invoker.java:521)
	at org.testng.internal.Invoker.invokeConfigurations(Invoker.java:213)
	at org.testng.internal.Invoker.invokeConfigurations(Invoker.java:140)
	at org.testng.TestRunner.afterRun(TestRunner.java:1019)
	at org.testng.TestRunner.run(TestRunner.java:625)
	at org.testng.SuiteRunner.runTest(SuiteRunner.java:357)
	at org.testng.SuiteRunner.runSequentially(SuiteRunner.java:352)
	at org.testng.SuiteRunner.privateRun(SuiteRunner.java:310)
	at org.testng.SuiteRunner.run(SuiteRunner.java:259)
	at org.testng.SuiteRunnerWorker.runSuite(SuiteRunnerWorker.java:52)
	at org.testng.SuiteRunnerWorker.run(SuiteRunnerWorker.java:86)
	at org.testng.TestNG.runSuitesSequentially(TestNG.java:1200)
	at org.testng.TestNG.runSuitesLocally(TestNG.java:1125)
	at org.testng.TestNG.run(TestNG.java:1033)
	at org.testng.remote.RemoteTestNG.run(RemoteTestNG.java:111)
	at org.testng.remote.RemoteTestNG.initAndRun(RemoteTestNG.java:204)
	at org.testng.remote.RemoteTestNG.main(RemoteTestNG.java:175)
]]>
            </full-stacktrace>
          </exception> <!-- java.lang.NullPointerException -->
          <reporter-output>
          </reporter-output>
        </test-method> <!-- teardown -->
      </class> <!-- com.smarttech.AmazonLogin -->
    </test> <!-- amazon Test Cases -->
  </suite> <!-- amazon Automation Test Suite -->
</testng-results>
